2016-12-17 10:00:24 MutablePropertySources.java DEBUG Adding [systemProperties] PropertySource with lowest search precedence
2016-12-17 10:00:24 MutablePropertySources.java DEBUG Adding [systemEnvironment] PropertySource with lowest search precedence
2016-12-17 10:00:24 AbstractEnvironment.java DEBUG Initialized StandardEnvironment with PropertySources [systemProperties,systemEnvironment]
2016-12-17 10:00:24 AbstractApplicationContext.java INFO Refreshing org.springframework.context.support.ClassPathXmlApplicationContext@5ba23b66: startup date [Sat Dec 17 10:00:24 GMT+08:00 2016]; root of context hierarchy
2016-12-17 10:00:24 MutablePropertySources.java DEBUG Adding [systemProperties] PropertySource with lowest search precedence
2016-12-17 10:00:24 MutablePropertySources.java DEBUG Adding [systemEnvironment] PropertySource with lowest search precedence
2016-12-17 10:00:24 AbstractEnvironment.java DEBUG Initialized StandardEnvironment with PropertySources [systemProperties,systemEnvironment]
2016-12-17 10:00:24 XmlBeanDefinitionReader.java INFO Loading XML bean definitions from class path resource [mybatis-config.xml]
2016-12-17 10:00:24 DefaultDocumentLoader.java DEBUG Using JAXP provider [com.sun.org.apache.xerces.internal.jaxp.DocumentBuilderFactoryImpl]
2016-12-17 10:02:47 MutablePropertySources.java DEBUG Adding [systemProperties] PropertySource with lowest search precedence
2016-12-17 10:02:47 MutablePropertySources.java DEBUG Adding [systemEnvironment] PropertySource with lowest search precedence
2016-12-17 10:02:47 AbstractEnvironment.java DEBUG Initialized StandardEnvironment with PropertySources [systemProperties,systemEnvironment]
2016-12-17 10:02:47 AbstractApplicationContext.java INFO Refreshing org.springframework.context.support.ClassPathXmlApplicationContext@5ba23b66: startup date [Sat Dec 17 10:02:47 GMT+08:00 2016]; root of context hierarchy
2016-12-17 10:02:47 MutablePropertySources.java DEBUG Adding [systemProperties] PropertySource with lowest search precedence
2016-12-17 10:02:47 MutablePropertySources.java DEBUG Adding [systemEnvironment] PropertySource with lowest search precedence
2016-12-17 10:02:47 AbstractEnvironment.java DEBUG Initialized StandardEnvironment with PropertySources [systemProperties,systemEnvironment]
2016-12-17 10:02:47 XmlBeanDefinitionReader.java INFO Loading XML bean definitions from class path resource [mybatis-config.xml]
2016-12-17 10:02:47 DefaultDocumentLoader.java DEBUG Using JAXP provider [com.sun.org.apache.xerces.internal.jaxp.DocumentBuilderFactoryImpl]
2016-12-17 10:29:08 MutablePropertySources.java DEBUG Adding [systemProperties] PropertySource with lowest search precedence
2016-12-17 10:29:08 MutablePropertySources.java DEBUG Adding [systemEnvironment] PropertySource with lowest search precedence
2016-12-17 10:29:08 AbstractEnvironment.java DEBUG Initialized StandardEnvironment with PropertySources [systemProperties,systemEnvironment]
2016-12-17 10:29:08 AbstractApplicationContext.java INFO Refreshing org.springframework.context.support.ClassPathXmlApplicationContext@5ba23b66: startup date [Sat Dec 17 10:29:08 GMT+08:00 2016]; root of context hierarchy
2016-12-17 10:29:08 MutablePropertySources.java DEBUG Adding [systemProperties] PropertySource with lowest search precedence
2016-12-17 10:29:08 MutablePropertySources.java DEBUG Adding [systemEnvironment] PropertySource with lowest search precedence
2016-12-17 10:29:08 AbstractEnvironment.java DEBUG Initialized StandardEnvironment with PropertySources [systemProperties,systemEnvironment]
2016-12-17 10:29:08 XmlBeanDefinitionReader.java INFO Loading XML bean definitions from class path resource [applicationContext.xml]
2016-12-17 10:29:09 DefaultDocumentLoader.java DEBUG Using JAXP provider [com.sun.org.apache.xerces.internal.jaxp.DocumentBuilderFactoryImpl]
2016-12-17 10:29:09 PluggableSchemaResolver.java DEBUG Loading schema mappings from [META-INF/spring.schemas]
2016-12-17 10:29:09 PluggableSchemaResolver.java DEBUG Loaded schema mappings: {http://www.springframework.org/schema/tx/spring-tx-2.5.xsd=org/springframework/transaction/config/spring-tx-2.5.xsd, http://www.springframework.org/schema/aop/spring-aop-4.1.xsd=org/springframework/aop/config/spring-aop-4.1.xsd, http://www.springframework.org/schema/context/spring-context-3.1.xsd=org/springframework/context/config/spring-context-3.1.xsd, http://www.springframework.org/schema/jdbc/spring-jdbc-4.1.xsd=org/springframework/jdbc/config/spring-jdbc-4.1.xsd, http://www.springframework.org/schema/jms/spring-jms-2.5.xsd=org/springframework/jms/config/spring-jms-2.5.xsd, http://www.springframework.org/schema/util/spring-util-3.0.xsd=org/springframework/beans/factory/xml/spring-util-3.0.xsd, http://www.springframework.org/schema/mvc/spring-mvc-4.1.xsd=org/springframework/web/servlet/config/spring-mvc-4.1.xsd, http://www.springframework.org/schema/tool/spring-tool.xsd=org/springframework/beans/factory/xml/spring-tool-4.1.xsd, http://www.springframework.org/schema/aop/spring-aop-3.2.xsd=org/springframework/aop/config/spring-aop-3.2.xsd, http://mybatis.org/schema/mybatis-spring-1.2.xsd=org/mybatis/spring/config/mybatis-spring-1.2.xsd, http://www.springframework.org/schema/lang/spring-lang-4.1.xsd=org/springframework/scripting/config/spring-lang-4.1.xsd, http://www.springframework.org/schema/context/spring-context-4.0.xsd=org/springframework/context/config/spring-context-4.0.xsd, http://www.springframework.org/schema/mvc/spring-mvc-3.2.xsd=org/springframework/web/servlet/config/spring-mvc-3.2.xsd, http://www.springframework.org/schema/oxm/spring-oxm-3.0.xsd=org/springframework/oxm/config/spring-oxm-3.0.xsd, http://www.springframework.org/schema/tool/spring-tool-4.1.xsd=org/springframework/beans/factory/xml/spring-tool-4.1.xsd, http://www.springframework.org/schema/lang/spring-lang-3.2.xsd=org/springframework/scripting/config/spring-lang-3.2.xsd, http://www.springframework.org/schema/cache/spring-cache-3.2.xsd=org/springframework/cache/config/spring-cache-3.2.xsd, http://www.springframework.org/schema/jee/spring-jee-4.1.xsd=org/springframework/ejb/config/spring-jee-4.1.xsd, http://www.springframework.org/schema/jdbc/spring-jdbc-3.1.xsd=org/springframework/jdbc/config/spring-jdbc-3.1.xsd, http://www.springframework.org/schema/util/spring-util-2.0.xsd=org/springframework/beans/factory/xml/spring-util-2.0.xsd, http://www.springframework.org/schema/tool/spring-tool-3.2.xsd=org/springframework/beans/factory/xml/spring-tool-3.2.xsd, http://www.springframework.org/schema/context/spring-context.xsd=org/springframework/context/config/spring-context-4.1.xsd, http://www.springframework.org/schema/cache/spring-cache-4.1.xsd=org/springframework/cache/config/spring-cache-4.1.xsd, http://www.springframework.org/schema/aop/spring-aop-4.0.xsd=org/springframework/aop/config/spring-aop-4.0.xsd, http://www.springframework.org/schema/jee/spring-jee-3.2.xsd=org/springframework/ejb/config/spring-jee-3.2.xsd, http://www.springframework.org/schema/context/spring-context-3.0.xsd=org/springframework/context/config/spring-context-3.0.xsd, http://www.springframework.org/schema/jdbc/spring-jdbc-4.0.xsd=org/springframework/jdbc/config/spring-jdbc-4.0.xsd, http://www.springframework.org/schema/util/spring-util-2.5.xsd=org/springframework/beans/factory/xml/spring-util-2.5.xsd, http://www.springframework.org/schema/mvc/spring-mvc-4.0.xsd=org/springframework/web/servlet/config/spring-mvc-4.0.xsd, http://www.springframework.org/schema/beans/spring-beans-3.2.xsd=org/springframework/beans/factory/xml/spring-beans-3.2.xsd, http://www.springframework.org/schema/aop/spring-aop-3.1.xsd=org/springframework/aop/config/spring-aop-3.1.xsd, http://www.springframework.org/schema/lang/spring-lang-4.0.xsd=org/springframework/scripting/config/spring-lang-4.0.xsd, http://www.springframework.org/schema/mvc/spring-mvc.xsd=org/springframework/web/servlet/config/spring-mvc-4.1.xsd, http://www.springframework.org/schema/mvc/spring-mvc-3.1.xsd=org/springframework/web/servlet/config/spring-mvc-3.1.xsd, http://www.springframework.org/schema/beans/spring-beans-4.1.xsd=org/springframework/beans/factory/xml/spring-beans-4.1.xsd, http://www.springframework.org/schema/tool/spring-tool-4.0.xsd=org/springframework/beans/factory/xml/spring-tool-4.0.xsd, http://www.springframework.org/schema/tx/spring-tx-3.2.xsd=org/springframework/transaction/config/spring-tx-3.2.xsd, http://www.springframework.org/schema/lang/spring-lang-3.1.xsd=org/springframework/scripting/config/spring-lang-3.1.xsd, http://www.springframework.org/schema/cache/spring-cache-3.1.xsd=org/springframework/cache/config/spring-cache-3.1.xsd, http://www.springframework.org/schema/jee/spring-jee-4.0.xsd=org/springframework/ejb/config/spring-jee-4.0.xsd, http://www.springframework.org/schema/jdbc/spring-jdbc-3.0.xsd=org/springframework/jdbc/config/spring-jdbc-3.0.xsd, http://www.springframework.org/schema/task/spring-task-4.1.xsd=org/springframework/scheduling/config/spring-task-4.1.xsd, http://www.springframework.org/schema/jdbc/spring-jdbc.xsd=org/springframework/jdbc/config/spring-jdbc-4.1.xsd, http://www.springframework.org/schema/tool/spring-tool-3.1.xsd=org/springframework/beans/factory/xml/spring-tool-3.1.xsd, http://www.springframework.org/schema/tx/spring-tx-4.1.xsd=org/springframework/transaction/config/spring-tx-4.1.xsd, http://www.springframework.org/schema/cache/spring-cache-4.0.xsd=org/springframework/cache/config/spring-cache-4.0.xsd, http://www.springframework.org/schema/jee/spring-jee-3.1.xsd=org/springframework/ejb/config/spring-jee-3.1.xsd, http://www.springframework.org/schema/task/spring-task-3.2.xsd=org/springframework/scheduling/config/spring-task-3.2.xsd, http://www.springframework.org/schema/beans/spring-beans-3.1.xsd=org/springframework/beans/factory/xml/spring-beans-3.1.xsd, http://www.springframework.org/schema/util/spring-util.xsd=org/springframework/beans/factory/xml/spring-util-4.1.xsd, http://www.springframework.org/schema/aop/spring-aop-3.0.xsd=org/springframework/aop/config/spring-aop-3.0.xsd, http://www.springframework.org/schema/jms/spring-jms-3.2.xsd=org/springframework/jms/config/spring-jms-3.2.xsd, http://www.springframework.org/schema/mvc/spring-mvc-3.0.xsd=org/springframework/web/servlet/config/spring-mvc-3.0.xsd, http://www.springframework.org/schema/beans/spring-beans-4.0.xsd=org/springframework/beans/factory/xml/spring-beans-4.0.xsd, http://www.springframework.org/schema/beans/spring-beans.xsd=org/springframework/beans/factory/xml/spring-beans-4.1.xsd, http://www.springframework.org/schema/tx/spring-tx-3.1.xsd=org/springframework/transaction/config/spring-tx-3.1.xsd, http://www.springframework.org/schema/lang/spring-lang-3.0.xsd=org/springframework/scripting/config/spring-lang-3.0.xsd, http://mybatis.org/schema/mybatis-spring.xsd=org/mybatis/spring/config/mybatis-spring-1.2.xsd, http://www.springframework.org/schema/context/spring-context-2.5.xsd=org/springframework/context/config/spring-context-2.5.xsd, http://www.springframework.org/schema/jms/spring-jms-4.1.xsd=org/springframework/jms/config/spring-jms-4.1.xsd, http://www.springframework.org/schema/task/spring-task-4.0.xsd=org/springframework/scheduling/config/spring-task-4.0.xsd, http://www.springframework.org/schema/tool/spring-tool-3.0.xsd=org/springframework/beans/factory/xml/spring-tool-3.0.xsd, http://www.springframework.org/schema/tx/spring-tx-4.0.xsd=org/springframework/transaction/config/spring-tx-4.0.xsd, http://www.springframework.org/schema/aop/spring-aop-2.0.xsd=org/springframework/aop/config/spring-aop-2.0.xsd, http://www.springframework.org/schema/jee/spring-jee-3.0.xsd=org/springframework/ejb/config/spring-jee-3.0.xsd, http://www.springframework.org/schema/task/spring-task-3.1.xsd=org/springframework/scheduling/config/spring-task-3.1.xsd, http://www.springframework.org/schema/util/spring-util-4.1.xsd=org/springframework/beans/factory/xml/spring-util-4.1.xsd, http://www.springframework.org/schema/beans/spring-beans-3.0.xsd=org/springframework/beans/factory/xml/spring-beans-3.0.xsd, http://www.springframework.org/schema/jee/spring-jee.xsd=org/springframework/ejb/config/spring-jee-4.1.xsd, http://www.springframework.org/schema/aop/spring-aop-2.5.xsd=org/springframework/aop/config/spring-aop-2.5.xsd, http://www.springframework.org/schema/jms/spring-jms.xsd=org/springframework/jms/config/spring-jms-4.1.xsd, http://www.springframework.org/schema/lang/spring-lang-2.0.xsd=org/springframework/scripting/config/spring-lang-2.0.xsd, http://www.springframework.org/schema/jms/spring-jms-3.1.xsd=org/springframework/jms/config/spring-jms-3.1.xsd, http://www.springframework.org/schema/oxm/spring-oxm.xsd=org/springframework/oxm/config/spring-oxm-4.1.xsd, http://www.springframework.org/schema/util/spring-util-3.2.xsd=org/springframework/beans/factory/xml/spring-util-3.2.xsd, http://www.springframework.org/schema/oxm/spring-oxm-4.1.xsd=org/springframework/oxm/config/spring-oxm-4.1.xsd, http://www.springframework.org/schema/task/spring-task.xsd=org/springframework/scheduling/config/spring-task-4.1.xsd, http://www.springframework.org/schema/tool/spring-tool-2.0.xsd=org/springframework/beans/factory/xml/spring-tool-2.0.xsd, http://www.springframework.org/schema/tx/spring-tx-3.0.xsd=org/springframework/transaction/config/spring-tx-3.0.xsd, http://www.springframework.org/schema/lang/spring-lang-2.5.xsd=org/springframework/scripting/config/spring-lang-2.5.xsd, http://www.springframework.org/schema/jee/spring-jee-2.0.xsd=org/springframework/ejb/config/spring-jee-2.0.xsd, http://www.springframework.org/schema/jms/spring-jms-4.0.xsd=org/springframework/jms/config/spring-jms-4.0.xsd, http://www.springframework.org/schema/oxm/spring-oxm-3.2.xsd=org/springframework/oxm/config/spring-oxm-3.2.xsd, http://www.springframework.org/schema/tool/spring-tool-2.5.xsd=org/springframework/beans/factory/xml/spring-tool-2.5.xsd, http://www.springframework.org/schema/jee/spring-jee-2.5.xsd=org/springframework/ejb/config/spring-jee-2.5.xsd, http://www.springframework.org/schema/task/spring-task-3.0.xsd=org/springframework/scheduling/config/spring-task-3.0.xsd, http://www.springframework.org/schema/util/spring-util-4.0.xsd=org/springframework/beans/factory/xml/spring-util-4.0.xsd, http://www.springframework.org/schema/lang/spring-lang.xsd=org/springframework/scripting/config/spring-lang-4.1.xsd, http://www.springframework.org/schema/context/spring-context-3.2.xsd=org/springframework/context/config/spring-context-3.2.xsd, http://www.springframework.org/schema/jms/spring-jms-3.0.xsd=org/springframework/jms/config/spring-jms-3.0.xsd, http://www.springframework.org/schema/util/spring-util-3.1.xsd=org/springframework/beans/factory/xml/spring-util-3.1.xsd, http://www.springframework.org/schema/beans/spring-beans-2.0.xsd=org/springframework/beans/factory/xml/spring-beans-2.0.xsd, http://www.springframework.org/schema/oxm/spring-oxm-4.0.xsd=org/springframework/oxm/config/spring-oxm-4.0.xsd, http://www.springframework.org/schema/cache/spring-cache.xsd=org/springframework/cache/config/spring-cache-4.1.xsd, http://www.springframework.org/schema/tx/spring-tx.xsd=org/springframework/transaction/config/spring-tx-4.1.xsd, http://www.springframework.org/schema/context/spring-context-4.1.xsd=org/springframework/context/config/spring-context-4.1.xsd, http://www.springframework.org/schema/beans/spring-beans-2.5.xsd=org/springframework/beans/factory/xml/spring-beans-2.5.xsd, http://www.springframework.org/schema/oxm/spring-oxm-3.1.xsd=org/springframework/oxm/config/spring-oxm-3.1.xsd, http://www.springframework.org/schema/tx/spring-tx-2.0.xsd=org/springframework/transaction/config/spring-tx-2.0.xsd, http://www.springframework.org/schema/jdbc/spring-jdbc-3.2.xsd=org/springframework/jdbc/config/spring-jdbc-3.2.xsd, http://www.springframework.org/schema/aop/spring-aop.xsd=org/springframework/aop/config/spring-aop-4.1.xsd}
2016-12-17 10:29:09 PluggableSchemaResolver.java DEBUG Found XML schema [http://www.springframework.org/schema/beans/spring-beans-4.1.xsd] in classpath: org/springframework/beans/factory/xml/spring-beans-4.1.xsd
2016-12-17 10:29:09 PluggableSchemaResolver.java DEBUG Found XML schema [http://www.springframework.org/schema/util/spring-util-4.1.xsd] in classpath: org/springframework/beans/factory/xml/spring-util-4.1.xsd
2016-12-17 10:29:09 PluggableSchemaResolver.java DEBUG Found XML schema [http://www.springframework.org/schema/tool/spring-tool-4.1.xsd] in classpath: org/springframework/beans/factory/xml/spring-tool-4.1.xsd
2016-12-17 10:29:09 PluggableSchemaResolver.java DEBUG Found XML schema [http://www.springframework.org/schema/context/spring-context-4.1.xsd] in classpath: org/springframework/context/config/spring-context-4.1.xsd
2016-12-17 10:29:09 PluggableSchemaResolver.java DEBUG Found XML schema [http://www.springframework.org/schema/tx/spring-tx-4.1.xsd] in classpath: org/springframework/transaction/config/spring-tx-4.1.xsd
2016-12-17 10:29:09 PluggableSchemaResolver.java DEBUG Found XML schema [http://www.springframework.org/schema/aop/spring-aop-4.1.xsd] in classpath: org/springframework/aop/config/spring-aop-4.1.xsd
2016-12-17 10:29:09 DefaultBeanDefinitionDocumentReader.java DEBUG Loading bean definitions
2016-12-17 10:29:09 DefaultNamespaceHandlerResolver.java DEBUG Loaded NamespaceHandler mappings: {http://www.springframework.org/schema/p=org.springframework.beans.factory.xml.SimplePropertyNamespaceHandler, http://www.springframework.org/schema/mvc=org.springframework.web.servlet.config.MvcNamespaceHandler, http://www.springframework.org/schema/util=org.springframework.beans.factory.xml.UtilNamespaceHandler, http://www.springframework.org/schema/jee=org.springframework.ejb.config.JeeNamespaceHandler, http://www.springframework.org/schema/aop=org.springframework.aop.config.AopNamespaceHandler, http://www.springframework.org/schema/jdbc=org.springframework.jdbc.config.JdbcNamespaceHandler, http://www.springframework.org/schema/oxm=org.springframework.oxm.config.OxmNamespaceHandler, http://www.springframework.org/schema/cache=org.springframework.cache.config.CacheNamespaceHandler, http://mybatis.org/schema/mybatis-spring=org.mybatis.spring.config.NamespaceHandler, http://www.springframework.org/schema/c=org.springframework.beans.factory.xml.SimpleConstructorNamespaceHandler, http://www.springframework.org/schema/tx=org.springframework.transaction.config.TxNamespaceHandler, http://www.springframework.org/schema/task=org.springframework.scheduling.config.TaskNamespaceHandler, http://www.springframework.org/schema/lang=org.springframework.scripting.config.LangNamespaceHandler, http://www.springframework.org/schema/jms=org.springframework.jms.config.JmsNamespaceHandler, http://www.springframework.org/schema/context=org.springframework.context.config.ContextNamespaceHandler}
2016-12-17 10:29:09 MutablePropertySources.java DEBUG Adding [systemProperties] PropertySource with lowest search precedence
2016-12-17 10:29:09 MutablePropertySources.java DEBUG Adding [systemEnvironment] PropertySource with lowest search precedence
2016-12-17 10:29:09 AbstractEnvironment.java DEBUG Initialized StandardEnvironment with PropertySources [systemProperties,systemEnvironment]
2016-12-17 10:29:10 ClassPathScanningCandidateComponentProvider.java DEBUG JSR-250 'javax.annotation.ManagedBean' found and supported for component scanning
2016-12-17 10:29:10 PathMatchingResourcePatternResolver.java DEBUG Looking for matching resources in directory tree [E:\works2016\smo\WebRoot\WEB-INF\classes\com]
2016-12-17 10:29:10 PathMatchingResourcePatternResolver.java DEBUG Searching directory [E:\works2016\smo\WebRoot\WEB-INF\classes\com] for files matching pattern [E:/works2016/smo/WebRoot/WEB-INF/classes/com/**/service/**/*.class]
2016-12-17 10:29:10 PathMatchingResourcePatternResolver.java DEBUG Searching directory [E:\works2016\smo\WebRoot\WEB-INF\classes\com\yangxu] for files matching pattern [E:/works2016/smo/WebRoot/WEB-INF/classes/com/**/service/**/*.class]
2016-12-17 10:29:10 PathMatchingResourcePatternResolver.java DEBUG Searching directory [E:\works2016\smo\WebRoot\WEB-INF\classes\com\yangxu\dao] for files matching pattern [E:/works2016/smo/WebRoot/WEB-INF/classes/com/**/service/**/*.class]
2016-12-17 10:29:10 PathMatchingResourcePatternResolver.java DEBUG Searching directory [E:\works2016\smo\WebRoot\WEB-INF\classes\com\yangxu\pojo] for files matching pattern [E:/works2016/smo/WebRoot/WEB-INF/classes/com/**/service/**/*.class]
2016-12-17 10:29:10 PathMatchingResourcePatternResolver.java DEBUG Searching directory [E:\works2016\smo\WebRoot\WEB-INF\classes\com\yangxu\service] for files matching pattern [E:/works2016/smo/WebRoot/WEB-INF/classes/com/**/service/**/*.class]
2016-12-17 10:29:10 PathMatchingResourcePatternResolver.java DEBUG Searching directory [E:\works2016\smo\WebRoot\WEB-INF\classes\com\yangxu\test] for files matching pattern [E:/works2016/smo/WebRoot/WEB-INF/classes/com/**/service/**/*.class]
2016-12-17 10:29:10 PathMatchingResourcePatternResolver.java DEBUG Searching directory [E:\works2016\smo\WebRoot\WEB-INF\classes\com\yangxu\util] for files matching pattern [E:/works2016/smo/WebRoot/WEB-INF/classes/com/**/service/**/*.class]
2016-12-17 10:29:10 PathMatchingResourcePatternResolver.java DEBUG Looking for matching resources in jar file [file:/E:/works2016/smo/WebRoot/WEB-INF/lib/mchange-commons-java-0.2.3.4.jar]
2016-12-17 10:29:10 PathMatchingResourcePatternResolver.java DEBUG Looking for matching resources in jar file [file:/E:/Myeclipse2016Az/configuration/org.eclipse.osgi/72/0/.cp/data/4.1.0/deps/c3p0-0.9.2.1.jar]
2016-12-17 10:29:10 PathMatchingResourcePatternResolver.java DEBUG Resolved location pattern [classpath*:com/**/service/**/*.class] to resources [file [E:\works2016\smo\WebRoot\WEB-INF\classes\com\yangxu\service\StaffService.class]]
2016-12-17 10:29:10 ClassPathScanningCandidateComponentProvider.java DEBUG Identified candidate component class: file [E:\works2016\smo\WebRoot\WEB-INF\classes\com\yangxu\service\StaffService.class]
2016-12-17 10:29:10 PathMatchingResourcePatternResolver.java DEBUG Looking for matching resources in directory tree [E:\works2016\smo\WebRoot\WEB-INF\classes\com]
2016-12-17 10:29:10 PathMatchingResourcePatternResolver.java DEBUG Searching directory [E:\works2016\smo\WebRoot\WEB-INF\classes\com] for files matching pattern [E:/works2016/smo/WebRoot/WEB-INF/classes/com/**/dao/**/*.class]
2016-12-17 10:29:10 PathMatchingResourcePatternResolver.java DEBUG Searching directory [E:\works2016\smo\WebRoot\WEB-INF\classes\com\yangxu] for files matching pattern [E:/works2016/smo/WebRoot/WEB-INF/classes/com/**/dao/**/*.class]
2016-12-17 10:29:10 PathMatchingResourcePatternResolver.java DEBUG Searching directory [E:\works2016\smo\WebRoot\WEB-INF\classes\com\yangxu\dao] for files matching pattern [E:/works2016/smo/WebRoot/WEB-INF/classes/com/**/dao/**/*.class]
2016-12-17 10:29:10 PathMatchingResourcePatternResolver.java DEBUG Searching directory [E:\works2016\smo\WebRoot\WEB-INF\classes\com\yangxu\pojo] for files matching pattern [E:/works2016/smo/WebRoot/WEB-INF/classes/com/**/dao/**/*.class]
2016-12-17 10:29:10 PathMatchingResourcePatternResolver.java DEBUG Searching directory [E:\works2016\smo\WebRoot\WEB-INF\classes\com\yangxu\service] for files matching pattern [E:/works2016/smo/WebRoot/WEB-INF/classes/com/**/dao/**/*.class]
2016-12-17 10:29:10 PathMatchingResourcePatternResolver.java DEBUG Searching directory [E:\works2016\smo\WebRoot\WEB-INF\classes\com\yangxu\test] for files matching pattern [E:/works2016/smo/WebRoot/WEB-INF/classes/com/**/dao/**/*.class]
2016-12-17 10:29:10 PathMatchingResourcePatternResolver.java DEBUG Searching directory [E:\works2016\smo\WebRoot\WEB-INF\classes\com\yangxu\util] for files matching pattern [E:/works2016/smo/WebRoot/WEB-INF/classes/com/**/dao/**/*.class]
2016-12-17 10:29:10 PathMatchingResourcePatternResolver.java DEBUG Looking for matching resources in jar file [file:/E:/works2016/smo/WebRoot/WEB-INF/lib/mchange-commons-java-0.2.3.4.jar]
2016-12-17 10:29:10 PathMatchingResourcePatternResolver.java DEBUG Looking for matching resources in jar file [file:/E:/Myeclipse2016Az/configuration/org.eclipse.osgi/72/0/.cp/data/4.1.0/deps/c3p0-0.9.2.1.jar]
2016-12-17 10:29:10 PathMatchingResourcePatternResolver.java DEBUG Resolved location pattern [classpath*:com/**/dao/**/*.class] to resources [file [E:\works2016\smo\WebRoot\WEB-INF\classes\com\yangxu\dao\StaffMapper.class]]
2016-12-17 10:29:10 ClassPathScanningCandidateComponentProvider.java DEBUG Ignored because not a concrete top-level class: file [E:\works2016\smo\WebRoot\WEB-INF\classes\com\yangxu\dao\StaffMapper.class]
2016-12-17 10:29:10 BeanDefinitionParserDelegate.java DEBUG Neither XML 'id' nor 'name' specified - using generated bean name [org.mybatis.spring.mapper.MapperScannerConfigurer#0]
2016-12-17 10:29:10 AbstractBeanDefinitionReader.java DEBUG Loaded 14 bean definitions from location pattern [applicationContext.xml]
2016-12-17 10:29:10 AbstractApplicationContext.java DEBUG Bean factory for org.springframework.context.support.ClassPathXmlApplicationContext@5ba23b66: org.springframework.beans.factory.support.DefaultListableBeanFactory@473b46c3: defining beans [propertiesReader,staffService,org.springframework.context.annotation.internalConfigurationAnnotationProcessor,org.springframework.context.annotation.internalAutowiredAnnotationProcessor,org.springframework.context.annotation.internalRequiredAnnotationProcessor,org.springframework.context.annotation.internalCommonAnnotationProcessor,dataSource,sqlSessionFactoryBean,org.mybatis.spring.mapper.MapperScannerConfigurer#0,transactionManager,txAdvice,org.springframework.aop.config.internalAutoProxyCreator,methods,org.springframework.aop.support.DefaultBeanFactoryPointcutAdvisor#0]; root of factory hierarchy
2016-12-17 10:29:10 DefaultSingletonBeanRegistry.java DEBUG Creating shared instance of singleton bean 'org.springframework.context.annotation.internalConfigurationAnnotationProcessor'
2016-12-17 10:29:10 AbstractAutowireCapableBeanFactory.java DEBUG Creating instance of bean 'org.springframework.context.annotation.internalConfigurationAnnotationProcessor'
2016-12-17 10:29:10 AbstractAutowireCapableBeanFactory.java DEBUG Eagerly caching bean 'org.springframework.context.annotation.internalConfigurationAnnotationProcessor' to allow for resolving potential circular references
2016-12-17 10:29:10 AbstractAutowireCapableBeanFactory.java DEBUG Finished creating instance of bean 'org.springframework.context.annotation.internalConfigurationAnnotationProcessor'
2016-12-17 10:29:10 DefaultSingletonBeanRegistry.java DEBUG Creating shared instance of singleton bean 'org.mybatis.spring.mapper.MapperScannerConfigurer#0'
2016-12-17 10:29:10 AbstractAutowireCapableBeanFactory.java DEBUG Creating instance of bean 'org.mybatis.spring.mapper.MapperScannerConfigurer#0'
2016-12-17 10:29:10 AbstractAutowireCapableBeanFactory.java DEBUG Eagerly caching bean 'org.mybatis.spring.mapper.MapperScannerConfigurer#0' to allow for resolving potential circular references
2016-12-17 10:29:11 AbstractAutowireCapableBeanFactory.java DEBUG Invoking afterPropertiesSet() on bean with name 'org.mybatis.spring.mapper.MapperScannerConfigurer#0'
2016-12-17 10:29:11 AbstractAutowireCapableBeanFactory.java DEBUG Finished creating instance of bean 'org.mybatis.spring.mapper.MapperScannerConfigurer#0'
2016-12-17 10:29:11 MutablePropertySources.java DEBUG Adding [systemProperties] PropertySource with lowest search precedence
2016-12-17 10:29:11 MutablePropertySources.java DEBUG Adding [systemEnvironment] PropertySource with lowest search precedence
2016-12-17 10:29:11 AbstractEnvironment.java DEBUG Initialized StandardEnvironment with PropertySources [systemProperties,systemEnvironment]
2016-12-17 10:29:11 PathMatchingResourcePatternResolver.java DEBUG Looking for matching resources in directory tree [E:\works2016\smo\WebRoot\WEB-INF\classes\com]
2016-12-17 10:29:11 PathMatchingResourcePatternResolver.java DEBUG Searching directory [E:\works2016\smo\WebRoot\WEB-INF\classes\com] for files matching pattern [E:/works2016/smo/WebRoot/WEB-INF/classes/com/**/dao/**/*.class]
2016-12-17 10:29:11 PathMatchingResourcePatternResolver.java DEBUG Searching directory [E:\works2016\smo\WebRoot\WEB-INF\classes\com\yangxu] for files matching pattern [E:/works2016/smo/WebRoot/WEB-INF/classes/com/**/dao/**/*.class]
2016-12-17 10:29:11 PathMatchingResourcePatternResolver.java DEBUG Searching directory [E:\works2016\smo\WebRoot\WEB-INF\classes\com\yangxu\dao] for files matching pattern [E:/works2016/smo/WebRoot/WEB-INF/classes/com/**/dao/**/*.class]
2016-12-17 10:29:11 PathMatchingResourcePatternResolver.java DEBUG Searching directory [E:\works2016\smo\WebRoot\WEB-INF\classes\com\yangxu\pojo] for files matching pattern [E:/works2016/smo/WebRoot/WEB-INF/classes/com/**/dao/**/*.class]
2016-12-17 10:29:11 PathMatchingResourcePatternResolver.java DEBUG Searching directory [E:\works2016\smo\WebRoot\WEB-INF\classes\com\yangxu\service] for files matching pattern [E:/works2016/smo/WebRoot/WEB-INF/classes/com/**/dao/**/*.class]
2016-12-17 10:29:11 PathMatchingResourcePatternResolver.java DEBUG Searching directory [E:\works2016\smo\WebRoot\WEB-INF\classes\com\yangxu\test] for files matching pattern [E:/works2016/smo/WebRoot/WEB-INF/classes/com/**/dao/**/*.class]
2016-12-17 10:29:11 PathMatchingResourcePatternResolver.java DEBUG Searching directory [E:\works2016\smo\WebRoot\WEB-INF\classes\com\yangxu\util] for files matching pattern [E:/works2016/smo/WebRoot/WEB-INF/classes/com/**/dao/**/*.class]
2016-12-17 10:29:11 PathMatchingResourcePatternResolver.java DEBUG Looking for matching resources in jar file [file:/E:/works2016/smo/WebRoot/WEB-INF/lib/mchange-commons-java-0.2.3.4.jar]
2016-12-17 10:29:11 PathMatchingResourcePatternResolver.java DEBUG Looking for matching resources in jar file [file:/E:/Myeclipse2016Az/configuration/org.eclipse.osgi/72/0/.cp/data/4.1.0/deps/c3p0-0.9.2.1.jar]
2016-12-17 10:29:11 PathMatchingResourcePatternResolver.java DEBUG Resolved location pattern [classpath*:com/**/dao/**/*.class] to resources [file [E:\works2016\smo\WebRoot\WEB-INF\classes\com\yangxu\dao\StaffMapper.class]]
2016-12-17 10:29:11 ClassPathScanningCandidateComponentProvider.java DEBUG Identified candidate component class: file [E:\works2016\smo\WebRoot\WEB-INF\classes\com\yangxu\dao\StaffMapper.class]
2016-12-17 10:29:11 ClassPathMapperScanner.java DEBUG Creating MapperFactoryBean with name 'staffMapper' and 'com.yangxu.dao.StaffMapper' mapperInterface
2016-12-17 10:29:11 ClassPathMapperScanner.java DEBUG Enabling autowire by type for MapperFactoryBean with name 'staffMapper'.
2016-12-17 10:29:11 DefaultSingletonBeanRegistry.java DEBUG Creating shared instance of singleton bean 'org.springframework.context.annotation.internalAutowiredAnnotationProcessor'
2016-12-17 10:29:11 AbstractAutowireCapableBeanFactory.java DEBUG Creating instance of bean 'org.springframework.context.annotation.internalAutowiredAnnotationProcessor'
2016-12-17 10:29:11 AbstractAutowireCapableBeanFactory.java DEBUG Eagerly caching bean 'org.springframework.context.annotation.internalAutowiredAnnotationProcessor' to allow for resolving potential circular references
2016-12-17 10:29:11 AbstractAutowireCapableBeanFactory.java DEBUG Finished creating instance of bean 'org.springframework.context.annotation.internalAutowiredAnnotationProcessor'
2016-12-17 10:29:11 DefaultSingletonBeanRegistry.java DEBUG Creating shared instance of singleton bean 'org.springframework.context.annotation.internalRequiredAnnotationProcessor'
2016-12-17 10:29:11 AbstractAutowireCapableBeanFactory.java DEBUG Creating instance of bean 'org.springframework.context.annotation.internalRequiredAnnotationProcessor'
2016-12-17 10:29:11 AbstractAutowireCapableBeanFactory.java DEBUG Eagerly caching bean 'org.springframework.context.annotation.internalRequiredAnnotationProcessor' to allow for resolving potential circular references
2016-12-17 10:29:11 AbstractAutowireCapableBeanFactory.java DEBUG Finished creating instance of bean 'org.springframework.context.annotation.internalRequiredAnnotationProcessor'
2016-12-17 10:29:11 DefaultSingletonBeanRegistry.java DEBUG Creating shared instance of singleton bean 'org.springframework.context.annotation.internalCommonAnnotationProcessor'
2016-12-17 10:29:11 AbstractAutowireCapableBeanFactory.java DEBUG Creating instance of bean 'org.springframework.context.annotation.internalCommonAnnotationProcessor'
2016-12-17 10:29:11 AbstractAutowireCapableBeanFactory.java DEBUG Eagerly caching bean 'org.springframework.context.annotation.internalCommonAnnotationProcessor' to allow for resolving potential circular references
2016-12-17 10:29:11 AbstractAutowireCapableBeanFactory.java DEBUG Finished creating instance of bean 'org.springframework.context.annotation.internalCommonAnnotationProcessor'
2016-12-17 10:29:11 DefaultSingletonBeanRegistry.java DEBUG Creating shared instance of singleton bean 'org.springframework.context.annotation.ConfigurationClassPostProcessor.importAwareProcessor'
2016-12-17 10:29:11 AbstractAutowireCapableBeanFactory.java DEBUG Creating instance of bean 'org.springframework.context.annotation.ConfigurationClassPostProcessor.importAwareProcessor'
2016-12-17 10:29:11 AbstractAutowireCapableBeanFactory.java DEBUG Eagerly caching bean 'org.springframework.context.annotation.ConfigurationClassPostProcessor.importAwareProcessor' to allow for resolving potential circular references
2016-12-17 10:29:11 AbstractAutowireCapableBeanFactory.java DEBUG Finished creating instance of bean 'org.springframework.context.annotation.ConfigurationClassPostProcessor.importAwareProcessor'
2016-12-17 10:29:11 DefaultSingletonBeanRegistry.java DEBUG Creating shared instance of singleton bean 'org.springframework.context.annotation.ConfigurationClassPostProcessor.enhancedConfigurationProcessor'
2016-12-17 10:29:11 AbstractAutowireCapableBeanFactory.java DEBUG Creating instance of bean 'org.springframework.context.annotation.ConfigurationClassPostProcessor.enhancedConfigurationProcessor'
2016-12-17 10:29:11 AbstractAutowireCapableBeanFactory.java DEBUG Eagerly caching bean 'org.springframework.context.annotation.ConfigurationClassPostProcessor.enhancedConfigurationProcessor' to allow for resolving potential circular references
2016-12-17 10:29:11 AbstractAutowireCapableBeanFactory.java DEBUG Finished creating instance of bean 'org.springframework.context.annotation.ConfigurationClassPostProcessor.enhancedConfigurationProcessor'
2016-12-17 10:29:11 DefaultSingletonBeanRegistry.java DEBUG Creating shared instance of singleton bean 'org.springframework.aop.config.internalAutoProxyCreator'
2016-12-17 10:29:11 AbstractAutowireCapableBeanFactory.java DEBUG Creating instance of bean 'org.springframework.aop.config.internalAutoProxyCreator'
2016-12-17 10:29:11 AbstractAutowireCapableBeanFactory.java DEBUG Eagerly caching bean 'org.springframework.aop.config.internalAutoProxyCreator' to allow for resolving potential circular references
2016-12-17 10:29:11 AbstractAutowireCapableBeanFactory.java DEBUG Finished creating instance of bean 'org.springframework.aop.config.internalAutoProxyCreator'
2016-12-17 10:29:11 AbstractApplicationContext.java DEBUG Unable to locate MessageSource with name 'messageSource': using default [org.springframework.context.support.DelegatingMessageSource@2c767a52]
2016-12-17 10:29:11 AbstractApplicationContext.java DEBUG Unable to locate ApplicationEventMulticaster with name 'applicationEventMulticaster': using default [org.springframework.context.event.SimpleApplicationEventMulticaster@50eac852]
2016-12-17 10:29:11 DefaultListableBeanFactory.java DEBUG Pre-instantiating singletons in org.springframework.beans.factory.support.DefaultListableBeanFactory@473b46c3: defining beans [propertiesReader,staffService,org.springframework.context.annotation.internalConfigurationAnnotationProcessor,org.springframework.context.annotation.internalAutowiredAnnotationProcessor,org.springframework.context.annotation.internalRequiredAnnotationProcessor,org.springframework.context.annotation.internalCommonAnnotationProcessor,dataSource,sqlSessionFactoryBean,org.mybatis.spring.mapper.MapperScannerConfigurer#0,transactionManager,txAdvice,org.springframework.aop.config.internalAutoProxyCreator,methods,org.springframework.aop.support.DefaultBeanFactoryPointcutAdvisor#0,org.springframework.context.annotation.ConfigurationClassPostProcessor.importAwareProcessor,org.springframework.context.annotation.ConfigurationClassPostProcessor.enhancedConfigurationProcessor,staffMapper]; root of factory hierarchy
2016-12-17 10:29:11 DefaultSingletonBeanRegistry.java DEBUG Creating shared instance of singleton bean 'propertiesReader'
2016-12-17 10:29:11 AbstractAutowireCapableBeanFactory.java DEBUG Creating instance of bean 'propertiesReader'
2016-12-17 10:29:11 DefaultSingletonBeanRegistry.java DEBUG Creating shared instance of singleton bean 'org.springframework.aop.support.DefaultBeanFactoryPointcutAdvisor#0'
2016-12-17 10:29:11 AbstractAutowireCapableBeanFactory.java DEBUG Creating instance of bean 'org.springframework.aop.support.DefaultBeanFactoryPointcutAdvisor#0'
2016-12-17 10:29:11 AbstractAutowireCapableBeanFactory.java DEBUG Eagerly caching bean 'org.springframework.aop.support.DefaultBeanFactoryPointcutAdvisor#0' to allow for resolving potential circular references
2016-12-17 10:29:11 AbstractAutowireCapableBeanFactory.java DEBUG Creating instance of bean 'methods'
2016-12-17 10:29:11 AbstractAutowireCapableBeanFactory.java DEBUG Finished creating instance of bean 'methods'
2016-12-17 10:29:11 AbstractAutowireCapableBeanFactory.java DEBUG Finished creating instance of bean 'org.springframework.aop.support.DefaultBeanFactoryPointcutAdvisor#0'
2016-12-17 10:29:11 AbstractAutowireCapableBeanFactory.java DEBUG Eagerly caching bean 'propertiesReader' to allow for resolving potential circular references
2016-12-17 10:29:11 AbstractAutowireCapableBeanFactory.java DEBUG Invoking afterPropertiesSet() on bean with name 'propertiesReader'
2016-12-17 10:29:11 PropertiesLoaderSupport.java INFO Loading properties file from class path resource [jdbc.properties]
2016-12-17 10:29:11 AbstractBeanFactory.java DEBUG Returning cached instance of singleton bean 'org.springframework.aop.support.DefaultBeanFactoryPointcutAdvisor#0'
2016-12-17 10:29:11 AbstractBeanFactory.java DEBUG Returning cached instance of singleton bean 'org.springframework.aop.support.DefaultBeanFactoryPointcutAdvisor#0'
2016-12-17 10:29:12 AbstractAutowireCapableBeanFactory.java DEBUG Finished creating instance of bean 'propertiesReader'
2016-12-17 10:29:12 DefaultSingletonBeanRegistry.java DEBUG Creating shared instance of singleton bean 'staffService'
2016-12-17 10:29:12 AbstractAutowireCapableBeanFactory.java DEBUG Creating instance of bean 'staffService'
2016-12-17 10:29:12 AbstractBeanFactory.java DEBUG Returning cached instance of singleton bean 'org.springframework.aop.support.DefaultBeanFactoryPointcutAdvisor#0'
2016-12-17 10:29:12 InjectionMetadata.java DEBUG Registered injected element on class [com.yangxu.service.StaffService]: ResourceElement for private com.yangxu.dao.StaffMapper com.yangxu.service.StaffService.staffMapper
2016-12-17 10:29:12 AbstractAutowireCapableBeanFactory.java DEBUG Eagerly caching bean 'staffService' to allow for resolving potential circular references
2016-12-17 10:29:12 InjectionMetadata.java DEBUG Processing injected method of bean 'staffService': ResourceElement for private com.yangxu.dao.StaffMapper com.yangxu.service.StaffService.staffMapper
2016-12-17 10:29:12 DefaultSingletonBeanRegistry.java DEBUG Creating shared instance of singleton bean 'staffMapper'
2016-12-17 10:29:12 AbstractAutowireCapableBeanFactory.java DEBUG Creating instance of bean 'staffMapper'
2016-12-17 10:29:12 AbstractBeanFactory.java DEBUG Returning cached instance of singleton bean 'org.springframework.aop.support.DefaultBeanFactoryPointcutAdvisor#0'
2016-12-17 10:29:12 AbstractAutowireCapableBeanFactory.java DEBUG Eagerly caching bean 'staffMapper' to allow for resolving potential circular references
2016-12-17 10:29:12 AbstractBeanFactory.java DEBUG Returning cached instance of singleton bean 'org.springframework.aop.support.DefaultBeanFactoryPointcutAdvisor#0'
2016-12-17 10:29:12 JakartaCommonsLoggingImpl.java DEBUG Logging initialized using 'class org.apache.ibatis.logging.commons.JakartaCommonsLoggingImpl' adapter.
2016-12-17 10:29:12 AbstractBeanFactory.java DEBUG Returning cached instance of singleton bean 'org.springframework.aop.support.DefaultBeanFactoryPointcutAdvisor#0'
2016-12-17 10:29:12 AbstractBeanFactory.java DEBUG Returning cached instance of singleton bean 'org.springframework.aop.support.DefaultBeanFactoryPointcutAdvisor#0'
2016-12-17 10:29:12 AbstractBeanFactory.java DEBUG Returning eagerly cached instance of singleton bean 'staffMapper' that is not fully initialized yet - a consequence of a circular reference
2016-12-17 10:29:12 DefaultSingletonBeanRegistry.java DEBUG Creating shared instance of singleton bean 'sqlSessionFactoryBean'
2016-12-17 10:29:12 AbstractAutowireCapableBeanFactory.java DEBUG Creating instance of bean 'sqlSessionFactoryBean'
2016-12-17 10:29:12 AbstractAutowireCapableBeanFactory.java DEBUG Eagerly caching bean 'sqlSessionFactoryBean' to allow for resolving potential circular references
2016-12-17 10:29:12 DefaultSingletonBeanRegistry.java DEBUG Creating shared instance of singleton bean 'dataSource'
2016-12-17 10:29:12 AbstractAutowireCapableBeanFactory.java DEBUG Creating instance of bean 'dataSource'
2016-12-17 10:29:12 AbstractBeanFactory.java DEBUG Returning cached instance of singleton bean 'org.springframework.aop.support.DefaultBeanFactoryPointcutAdvisor#0'
2016-12-17 10:29:12 MLog.java INFO MLog clients using log4j logging.
2016-12-17 10:29:14 C3P0Registry.java INFO Initializing c3p0-0.9.2.1 [built 20-March-2013 10:47:27 +0000; debug? true; trace: 10]
2016-12-17 10:29:14 DynamicPooledDataSourceManagerMBean.java DEBUG MBean: com.mchange.v2.c3p0:type=PooledDataSource,identityToken=z8kflt9l2xzxbu1pcqa32|ea6147e,name=z8kflt9l2xzxbu1pcqa32|ea6147e registered.
2016-12-17 10:29:14 DynamicPooledDataSourceManagerMBean.java DEBUG MBean: com.mchange.v2.c3p0:type=PooledDataSource,identityToken=z8kflt9l2xzxbu1pcqa32|ea6147e,name=z8kflt9l2xzxbu1pcqa32|ea6147e unregistered, in order to be reregistered after update.
2016-12-17 10:29:14 DynamicPooledDataSourceManagerMBean.java DEBUG MBean: com.mchange.v2.c3p0:type=PooledDataSource,identityToken=z8kflt9l2xzxbu1pcqa32|ea6147e,name=z8kflt9l2xzxbu1pcqa32|ea6147e registered.
2016-12-17 10:29:14 AbstractAutowireCapableBeanFactory.java DEBUG Eagerly caching bean 'dataSource' to allow for resolving potential circular references
2016-12-17 10:29:14 AbstractBeanFactory.java DEBUG Returning cached instance of singleton bean 'propertiesReader'
2016-12-17 10:29:14 AbstractBeanFactory.java DEBUG Returning cached instance of singleton bean 'org.springframework.aop.support.DefaultBeanFactoryPointcutAdvisor#0'
2016-12-17 10:29:14 AbstractBeanFactory.java DEBUG Returning cached instance of singleton bean 'org.springframework.aop.support.DefaultBeanFactoryPointcutAdvisor#0'
2016-12-17 10:29:14 AbstractBeanFactory.java DEBUG Returning cached instance of singleton bean 'propertiesReader'
2016-12-17 10:29:14 AbstractBeanFactory.java DEBUG Returning cached instance of singleton bean 'propertiesReader'
2016-12-17 10:29:14 AbstractBeanFactory.java DEBUG Returning cached instance of singleton bean 'propertiesReader'
2016-12-17 10:29:14 AbstractBeanFactory.java DEBUG Returning cached instance of singleton bean 'org.springframework.aop.support.DefaultBeanFactoryPointcutAdvisor#0'
2016-12-17 10:29:14 AbstractBeanFactory.java DEBUG Returning cached instance of singleton bean 'org.springframework.aop.support.DefaultBeanFactoryPointcutAdvisor#0'
2016-12-17 10:29:15 AbstractAutowireCapableBeanFactory.java DEBUG Finished creating instance of bean 'dataSource'
2016-12-17 10:29:15 AbstractAutowireCapableBeanFactory.java DEBUG Invoking afterPropertiesSet() on bean with name 'sqlSessionFactoryBean'
2016-12-17 10:29:15 JakartaCommonsLoggingImpl.java DEBUG Property 'configLocation' not specified, using default MyBatis Configuration
2016-12-17 10:29:15 JakartaCommonsLoggingImpl.java DEBUG Property 'mapperLocations' was not specified or no matching resources found
2016-12-17 10:29:15 AbstractBeanFactory.java DEBUG Returning cached instance of singleton bean 'org.springframework.aop.support.DefaultBeanFactoryPointcutAdvisor#0'
2016-12-17 10:29:15 AbstractBeanFactory.java DEBUG Returning cached instance of singleton bean 'org.springframework.aop.support.DefaultBeanFactoryPointcutAdvisor#0'
2016-12-17 10:29:15 AbstractAutowireCapableBeanFactory.java DEBUG Finished creating instance of bean 'sqlSessionFactoryBean'
2016-12-17 10:29:15 AbstractBeanFactory.java DEBUG Returning cached instance of singleton bean 'org.springframework.aop.support.DefaultBeanFactoryPointcutAdvisor#0'
2016-12-17 10:29:15 AbstractBeanFactory.java DEBUG Returning cached instance of singleton bean 'org.springframework.aop.support.DefaultBeanFactoryPointcutAdvisor#0'
2016-12-17 10:29:15 AbstractAutowireCapableBeanFactory.java DEBUG Autowiring by type from bean name 'staffMapper' via property 'sqlSessionFactory' to bean named 'sqlSessionFactoryBean'
2016-12-17 10:29:15 AbstractAutowireCapableBeanFactory.java DEBUG Invoking afterPropertiesSet() on bean with name 'staffMapper'
2016-12-17 10:29:15 AbstractAutowireCapableBeanFactory.java DEBUG Finished creating instance of bean 'staffMapper'
2016-12-17 10:29:15 AbstractBeanFactory.java DEBUG Returning cached instance of singleton bean 'org.springframework.aop.support.DefaultBeanFactoryPointcutAdvisor#0'
2016-12-17 10:29:15 AbstractBeanFactory.java DEBUG Returning cached instance of singleton bean 'org.springframework.aop.support.DefaultBeanFactoryPointcutAdvisor#0'
2016-12-17 10:29:15 AbstractBeanFactory.java DEBUG Returning cached instance of singleton bean 'org.springframework.aop.support.DefaultBeanFactoryPointcutAdvisor#0'
2016-12-17 10:29:15 AbstractBeanFactory.java DEBUG Returning cached instance of singleton bean 'org.springframework.aop.support.DefaultBeanFactoryPointcutAdvisor#0'
2016-12-17 10:29:15 DefaultSingletonBeanRegistry.java DEBUG Creating shared instance of singleton bean 'txAdvice'
2016-12-17 10:29:15 AbstractAutowireCapableBeanFactory.java DEBUG Creating instance of bean 'txAdvice'
2016-12-17 10:29:15 AbstractAutowireCapableBeanFactory.java DEBUG Eagerly caching bean 'txAdvice' to allow for resolving potential circular references
2016-12-17 10:29:15 DefaultSingletonBeanRegistry.java DEBUG Creating shared instance of singleton bean 'transactionManager'
2016-12-17 10:29:15 AbstractAutowireCapableBeanFactory.java DEBUG Creating instance of bean 'transactionManager'
2016-12-17 10:29:15 AbstractBeanFactory.java DEBUG Returning cached instance of singleton bean 'org.springframework.aop.support.DefaultBeanFactoryPointcutAdvisor#0'
2016-12-17 10:29:15 AbstractAutowireCapableBeanFactory.java DEBUG Eagerly caching bean 'transactionManager' to allow for resolving potential circular references
2016-12-17 10:29:15 AbstractBeanFactory.java DEBUG Returning cached instance of singleton bean 'dataSource'
2016-12-17 10:29:15 AbstractAutowireCapableBeanFactory.java DEBUG Invoking afterPropertiesSet() on bean with name 'transactionManager'
2016-12-17 10:29:15 AbstractBeanFactory.java DEBUG Returning cached instance of singleton bean 'org.springframework.aop.support.DefaultBeanFactoryPointcutAdvisor#0'
2016-12-17 10:29:15 AbstractBeanFactory.java DEBUG Returning cached instance of singleton bean 'org.springframework.aop.support.DefaultBeanFactoryPointcutAdvisor#0'
2016-12-17 10:29:15 AbstractAutowireCapableBeanFactory.java DEBUG Finished creating instance of bean 'transactionManager'
2016-12-17 10:29:15 AbstractAutowireCapableBeanFactory.java DEBUG Creating instance of bean '(inner bean)#7d94beb9'
2016-12-17 10:29:15 AbstractBeanFactory.java DEBUG Returning cached instance of singleton bean 'org.springframework.aop.support.DefaultBeanFactoryPointcutAdvisor#0'
2016-12-17 10:29:15 NameMatchTransactionAttributeSource.java DEBUG Adding transactional method [add*] with attribute [PROPAGATION_REQUIRED,ISOLATION_DEFAULT]
2016-12-17 10:29:15 NameMatchTransactionAttributeSource.java DEBUG Adding transactional method [modify*] with attribute [PROPAGATION_REQUIRED,ISOLATION_DEFAULT]
2016-12-17 10:29:15 NameMatchTransactionAttributeSource.java DEBUG Adding transactional method [remove*] with attribute [PROPAGATION_REQUIRED,ISOLATION_DEFAULT]
2016-12-17 10:29:15 NameMatchTransactionAttributeSource.java DEBUG Adding transactional method [*] with attribute [PROPAGATION_NOT_SUPPORTED,ISOLATION_DEFAULT,readOnly]
2016-12-17 10:29:15 AbstractBeanFactory.java DEBUG Returning cached instance of singleton bean 'org.springframework.aop.support.DefaultBeanFactoryPointcutAdvisor#0'
2016-12-17 10:29:15 AbstractBeanFactory.java DEBUG Returning cached instance of singleton bean 'org.springframework.aop.support.DefaultBeanFactoryPointcutAdvisor#0'
2016-12-17 10:29:15 AbstractAutowireCapableBeanFactory.java DEBUG Finished creating instance of bean '(inner bean)#7d94beb9'
2016-12-17 10:29:15 AbstractAutowireCapableBeanFactory.java DEBUG Invoking afterPropertiesSet() on bean with name 'txAdvice'
2016-12-17 10:29:15 AbstractAutowireCapableBeanFactory.java DEBUG Finished creating instance of bean 'txAdvice'
2016-12-17 10:29:16 AbstractAutoProxyCreator.java DEBUG Creating implicit proxy for bean 'staffService' with 0 common interceptors and 2 specific interceptors
2016-12-17 10:29:16 CglibAopProxy.java DEBUG Creating CGLIB proxy: target source is SingletonTargetSource for target object [com.yangxu.service.StaffService@51c693d]
2016-12-17 10:29:16 CglibAopProxy.java DEBUG Unable to apply any optimisations to advised method: public java.util.List com.yangxu.service.StaffService.find(java.lang.Integer,java.lang.Integer,java.lang.String,java.lang.String)
2016-12-17 10:29:16 CglibAopProxy.java DEBUG Found finalize() method - using NO_OVERRIDE
2016-12-17 10:29:16 CglibAopProxy.java DEBUG Found 'equals' method: public boolean java.lang.Object.equals(java.lang.Object)
2016-12-17 10:29:16 CglibAopProxy.java DEBUG Unable to apply any optimisations to advised method: public java.lang.String java.lang.Object.toString()
2016-12-17 10:29:16 CglibAopProxy.java DEBUG Found 'hashCode' method: public native int java.lang.Object.hashCode()
2016-12-17 10:29:16 CglibAopProxy.java DEBUG Unable to apply any optimisations to advised method: protected native java.lang.Object java.lang.Object.clone() throws java.lang.CloneNotSupportedException
2016-12-17 10:29:16 CglibAopProxy.java DEBUG Method is declared on Advised interface: public abstract int org.springframework.aop.framework.Advised.indexOf(org.springframework.aop.Advisor)
2016-12-17 10:29:16 CglibAopProxy.java DEBUG Method is declared on Advised interface: public abstract int org.springframework.aop.framework.Advised.indexOf(org.aopalliance.aop.Advice)
2016-12-17 10:29:16 CglibAopProxy.java DEBUG Method is declared on Advised interface: public abstract boolean org.springframework.aop.framework.Advised.isFrozen()
2016-12-17 10:29:16 CglibAopProxy.java DEBUG Method is declared on Advised interface: public abstract boolean org.springframework.aop.framework.Advised.isProxyTargetClass()
2016-12-17 10:29:16 CglibAopProxy.java DEBUG Method is declared on Advised interface: public abstract org.springframework.aop.TargetSource org.springframework.aop.framework.Advised.getTargetSource()
2016-12-17 10:29:16 CglibAopProxy.java DEBUG Method is declared on Advised interface: public abstract void org.springframework.aop.framework.Advised.addAdvisor(int,org.springframework.aop.Advisor) throws org.springframework.aop.framework.AopConfigException
2016-12-17 10:29:16 CglibAopProxy.java DEBUG Method is declared on Advised interface: public abstract void org.springframework.aop.framework.Advised.addAdvisor(org.springframework.aop.Advisor) throws org.springframework.aop.framework.AopConfigException
2016-12-17 10:29:16 CglibAopProxy.java DEBUG Method is declared on Advised interface: public abstract void org.springframework.aop.framework.Advised.setPreFiltered(boolean)
2016-12-17 10:29:16 CglibAopProxy.java DEBUG Method is declared on Advised interface: public abstract void org.springframework.aop.framework.Advised.setExposeProxy(boolean)
2016-12-17 10:29:16 CglibAopProxy.java DEBUG Method is declared on Advised interface: public abstract boolean org.springframework.aop.framework.Advised.isExposeProxy()
2016-12-17 10:29:16 CglibAopProxy.java DEBUG Method is declared on Advised interface: public abstract void org.springframework.aop.framework.Advised.setTargetSource(org.springframework.aop.TargetSource)
2016-12-17 10:29:16 CglibAopProxy.java DEBUG Method is declared on Advised interface: public abstract java.lang.Class[] org.springframework.aop.framework.Advised.getProxiedInterfaces()
2016-12-17 10:29:16 CglibAopProxy.java DEBUG Method is declared on Advised interface: public abstract boolean org.springframework.aop.framework.Advised.isInterfaceProxied(java.lang.Class)
2016-12-17 10:29:16 CglibAopProxy.java DEBUG Method is declared on Advised interface: public abstract java.lang.String org.springframework.aop.framework.Advised.toProxyConfigString()
2016-12-17 10:29:16 CglibAopProxy.java DEBUG Method is declared on Advised interface: public abstract void org.springframework.aop.framework.Advised.addAdvice(int,org.aopalliance.aop.Advice) throws org.springframework.aop.framework.AopConfigException
2016-12-17 10:29:16 CglibAopProxy.java DEBUG Method is declared on Advised interface: public abstract void org.springframework.aop.framework.Advised.addAdvice(org.aopalliance.aop.Advice) throws org.springframework.aop.framework.AopConfigException
2016-12-17 10:29:16 CglibAopProxy.java DEBUG Method is declared on Advised interface: public abstract boolean org.springframework.aop.framework.Advised.isPreFiltered()
2016-12-17 10:29:16 CglibAopProxy.java DEBUG Method is declared on Advised interface: public abstract org.springframework.aop.Advisor[] org.springframework.aop.framework.Advised.getAdvisors()
2016-12-17 10:29:16 CglibAopProxy.java DEBUG Method is declared on Advised interface: public abstract void org.springframework.aop.framework.Advised.removeAdvisor(int) throws org.springframework.aop.framework.AopConfigException
2016-12-17 10:29:16 CglibAopProxy.java DEBUG Method is declared on Advised interface: public abstract boolean org.springframework.aop.framework.Advised.removeAdvisor(org.springframework.aop.Advisor)
2016-12-17 10:29:16 CglibAopProxy.java DEBUG Method is declared on Advised interface: public abstract boolean org.springframework.aop.framework.Advised.replaceAdvisor(org.springframework.aop.Advisor,org.springframework.aop.Advisor) throws org.springframework.aop.framework.AopConfigException
2016-12-17 10:29:16 CglibAopProxy.java DEBUG Method is declared on Advised interface: public abstract boolean org.springframework.aop.framework.Advised.removeAdvice(org.aopalliance.aop.Advice)
2016-12-17 10:29:16 CglibAopProxy.java DEBUG Method is declared on Advised interface: public abstract java.lang.Class org.springframework.aop.TargetClassAware.getTargetClass()
2016-12-17 10:29:16 AbstractAutowireCapableBeanFactory.java DEBUG Finished creating instance of bean 'staffService'
2016-12-17 10:29:16 AbstractBeanFactory.java DEBUG Returning cached instance of singleton bean 'org.springframework.context.annotation.internalConfigurationAnnotationProcessor'
2016-12-17 10:29:16 AbstractBeanFactory.java DEBUG Returning cached instance of singleton bean 'org.springframework.context.annotation.internalAutowiredAnnotationProcessor'
2016-12-17 10:29:16 AbstractBeanFactory.java DEBUG Returning cached instance of singleton bean 'org.springframework.context.annotation.internalRequiredAnnotationProcessor'
2016-12-17 10:29:16 AbstractBeanFactory.java DEBUG Returning cached instance of singleton bean 'org.springframework.context.annotation.internalCommonAnnotationProcessor'
2016-12-17 10:29:16 AbstractBeanFactory.java DEBUG Returning cached instance of singleton bean 'dataSource'
2016-12-17 10:29:16 AbstractBeanFactory.java DEBUG Returning cached instance of singleton bean 'sqlSessionFactoryBean'
2016-12-17 10:29:16 AbstractBeanFactory.java DEBUG Returning cached instance of singleton bean 'org.mybatis.spring.mapper.MapperScannerConfigurer#0'
2016-12-17 10:29:16 AbstractBeanFactory.java DEBUG Returning cached instance of singleton bean 'transactionManager'
2016-12-17 10:29:16 AbstractBeanFactory.java DEBUG Returning cached instance of singleton bean 'txAdvice'
2016-12-17 10:29:16 AbstractBeanFactory.java DEBUG Returning cached instance of singleton bean 'org.springframework.aop.config.internalAutoProxyCreator'
2016-12-17 10:29:16 AbstractBeanFactory.java DEBUG Returning cached instance of singleton bean 'org.springframework.aop.support.DefaultBeanFactoryPointcutAdvisor#0'
2016-12-17 10:29:16 AbstractBeanFactory.java DEBUG Returning cached instance of singleton bean 'org.springframework.context.annotation.ConfigurationClassPostProcessor.importAwareProcessor'
2016-12-17 10:29:16 AbstractBeanFactory.java DEBUG Returning cached instance of singleton bean 'org.springframework.context.annotation.ConfigurationClassPostProcessor.enhancedConfigurationProcessor'
2016-12-17 10:29:16 AbstractBeanFactory.java DEBUG Returning cached instance of singleton bean 'staffMapper'
2016-12-17 10:29:16 AbstractApplicationContext.java DEBUG Unable to locate LifecycleProcessor with name 'lifecycleProcessor': using default [org.springframework.context.support.DefaultLifecycleProcessor@82ea68c]
2016-12-17 10:29:16 AbstractBeanFactory.java DEBUG Returning cached instance of singleton bean 'lifecycleProcessor'
2016-12-17 10:29:16 AbstractBeanFactory.java DEBUG Returning cached instance of singleton bean 'sqlSessionFactoryBean'
2016-12-17 10:29:16 PropertySourcesPropertyResolver.java DEBUG Searching for key 'spring.liveBeansView.mbeanDomain' in [systemProperties]
2016-12-17 10:29:16 PropertySourcesPropertyResolver.java DEBUG Searching for key 'spring.liveBeansView.mbeanDomain' in [systemEnvironment]
2016-12-17 10:29:16 PropertySourcesPropertyResolver.java DEBUG Could not find key 'spring.liveBeansView.mbeanDomain' in any property source. Returning [null]
2016-12-17 10:29:16 AbstractBeanFactory.java DEBUG Returning cached instance of singleton bean 'staffService'
2016-12-17 10:29:16 JakartaCommonsLoggingImpl.java DEBUG Creating a new SqlSession
2016-12-17 10:29:16 JakartaCommonsLoggingImpl.java DEBUG Registering transaction synchronization for SqlSession [org.apache.ibatis.session.defaults.DefaultSqlSession@58ce9668]
2016-12-17 10:29:17 DataSourceUtils.java DEBUG Fetching JDBC Connection from DataSource
2016-12-17 10:29:17 AbstractPoolBackedDataSource.java INFO Initializing c3p0 pool... com.mchange.v2.c3p0.ComboPooledDataSource [ acquireIncrement -> 2, acquireRetryAttempts -> 30, acquireRetryDelay -> 1000, autoCommitOnClose -> false, automaticTestTable -> null, breakAfterAcquireFailure -> false, checkoutTimeout -> 0, connectionCustomizerClassName -> null, connectionTesterClassName -> com.mchange.v2.c3p0.impl.DefaultConnectionTester, dataSourceName -> z8kflt9l2xzxbu1pcqa32|ea6147e, debugUnreturnedConnectionStackTraces -> false, description -> null, driverClass -> oracle.jdbc.driver.OracleDriver, factoryClassLocation -> null, forceIgnoreUnresolvedTransactions -> false, identityToken -> z8kflt9l2xzxbu1pcqa32|ea6147e, idleConnectionTestPeriod -> 0, initialPoolSize -> 10, jdbcUrl -> jdbc:oracle:thin:@localhost:1521:orcl, maxAdministrativeTaskTime -> 0, maxConnectionAge -> 0, maxIdleTime -> 120, maxIdleTimeExcessConnections -> 0, maxPoolSize -> 20, maxStatements -> 0, maxStatementsPerConnection -> 0, minPoolSize -> 2, numHelperThreads -> 3, preferredTestQuery -> null, properties -> {user=******, password=******}, propertyCycle -> 0, statementCacheNumDeferredCloseThreads -> 0, testConnectionOnCheckin -> false, testConnectionOnCheckout -> false, unreturnedConnectionTimeout -> 0, userOverrides -> {}, usesTraditionalReflectiveProxies -> false ]
2016-12-17 10:29:17 BasicResourcePool.java DEBUG incremented pending_acquires: 1
2016-12-17 10:29:17 BasicResourcePool.java DEBUG Starting acquisition series. Incremented pending_acquires [1],  attempts_remaining: 30
2016-12-17 10:29:17 ThreadPoolAsynchronousRunner.java DEBUG com.mchange.v2.async.ThreadPoolAsynchronousRunner@71c27ee8: Adding task to queue -- com.mchange.v2.resourcepool.BasicResourcePool$ScatteredAcquireTask@3e7dd664
2016-12-17 10:29:17 BasicResourcePool.java DEBUG incremented pending_acquires: 2
2016-12-17 10:29:17 BasicResourcePool.java DEBUG Starting acquisition series. Incremented pending_acquires [2],  attempts_remaining: 30
2016-12-17 10:29:17 ThreadPoolAsynchronousRunner.java DEBUG com.mchange.v2.async.ThreadPoolAsynchronousRunner@71c27ee8: Adding task to queue -- com.mchange.v2.resourcepool.BasicResourcePool$ScatteredAcquireTask@5b1ebf56
2016-12-17 10:29:17 BasicResourcePool.java DEBUG incremented pending_acquires: 3
2016-12-17 10:29:17 BasicResourcePool.java DEBUG Starting acquisition series. Incremented pending_acquires [3],  attempts_remaining: 30
2016-12-17 10:29:17 ThreadPoolAsynchronousRunner.java DEBUG com.mchange.v2.async.ThreadPoolAsynchronousRunner@71c27ee8: Adding task to queue -- com.mchange.v2.resourcepool.BasicResourcePool$ScatteredAcquireTask@294a6b8e
2016-12-17 10:29:17 BasicResourcePool.java DEBUG incremented pending_acquires: 4
2016-12-17 10:29:17 BasicResourcePool.java DEBUG Starting acquisition series. Incremented pending_acquires [4],  attempts_remaining: 30
2016-12-17 10:29:17 ThreadPoolAsynchronousRunner.java DEBUG com.mchange.v2.async.ThreadPoolAsynchronousRunner@71c27ee8: Adding task to queue -- com.mchange.v2.resourcepool.BasicResourcePool$ScatteredAcquireTask@4b1d6571
2016-12-17 10:29:17 BasicResourcePool.java DEBUG incremented pending_acquires: 5
2016-12-17 10:29:17 BasicResourcePool.java DEBUG Starting acquisition series. Incremented pending_acquires [5],  attempts_remaining: 30
2016-12-17 10:29:17 ThreadPoolAsynchronousRunner.java DEBUG com.mchange.v2.async.ThreadPoolAsynchronousRunner@71c27ee8: Adding task to queue -- com.mchange.v2.resourcepool.BasicResourcePool$ScatteredAcquireTask@1b835480
2016-12-17 10:29:17 BasicResourcePool.java DEBUG incremented pending_acquires: 6
2016-12-17 10:29:17 BasicResourcePool.java DEBUG Starting acquisition series. Incremented pending_acquires [6],  attempts_remaining: 30
2016-12-17 10:29:17 ThreadPoolAsynchronousRunner.java DEBUG com.mchange.v2.async.ThreadPoolAsynchronousRunner@71c27ee8: Adding task to queue -- com.mchange.v2.resourcepool.BasicResourcePool$ScatteredAcquireTask@3549bca9
2016-12-17 10:29:17 BasicResourcePool.java DEBUG incremented pending_acquires: 7
2016-12-17 10:29:17 BasicResourcePool.java DEBUG Starting acquisition series. Incremented pending_acquires [7],  attempts_remaining: 30
2016-12-17 10:29:17 ThreadPoolAsynchronousRunner.java DEBUG com.mchange.v2.async.ThreadPoolAsynchronousRunner@71c27ee8: Adding task to queue -- com.mchange.v2.resourcepool.BasicResourcePool$ScatteredAcquireTask@4f25b795
2016-12-17 10:29:17 BasicResourcePool.java DEBUG incremented pending_acquires: 8
2016-12-17 10:29:17 BasicResourcePool.java DEBUG Starting acquisition series. Incremented pending_acquires [8],  attempts_remaining: 30
2016-12-17 10:29:17 ThreadPoolAsynchronousRunner.java DEBUG com.mchange.v2.async.ThreadPoolAsynchronousRunner@71c27ee8: Adding task to queue -- com.mchange.v2.resourcepool.BasicResourcePool$ScatteredAcquireTask@6fb365ed
2016-12-17 10:29:17 BasicResourcePool.java DEBUG incremented pending_acquires: 9
2016-12-17 10:29:17 BasicResourcePool.java DEBUG Starting acquisition series. Incremented pending_acquires [9],  attempts_remaining: 30
2016-12-17 10:29:17 ThreadPoolAsynchronousRunner.java DEBUG com.mchange.v2.async.ThreadPoolAsynchronousRunner@71c27ee8: Adding task to queue -- com.mchange.v2.resourcepool.BasicResourcePool$ScatteredAcquireTask@6e950bcf
2016-12-17 10:29:17 BasicResourcePool.java DEBUG incremented pending_acquires: 10
2016-12-17 10:29:17 BasicResourcePool.java DEBUG Starting acquisition series. Incremented pending_acquires [10],  attempts_remaining: 30
2016-12-17 10:29:17 ThreadPoolAsynchronousRunner.java DEBUG com.mchange.v2.async.ThreadPoolAsynchronousRunner@71c27ee8: Adding task to queue -- com.mchange.v2.resourcepool.BasicResourcePool$ScatteredAcquireTask@16414e40
2016-12-17 10:29:17 BasicResourcePool.java DEBUG com.mchange.v2.resourcepool.BasicResourcePool@74bada02 config: [start -> 10; min -> 2; max -> 20; inc -> 2; num_acq_attempts -> 30; acq_attempt_delay -> 1000; check_idle_resources_delay -> 0; mox_resource_age -> 0; max_idle_time -> 120000; excess_max_idle_time -> 0; destroy_unreturned_resc_time -> 0; expiration_enforcement_delay -> 30000; break_on_acquisition_failure -> false; debug_store_checkout_exceptions -> false]
2016-12-17 10:29:17 C3P0PooledConnectionPoolManager.java DEBUG Created new pool for auth, username (masked): 'sc******'.
2016-12-17 10:29:17 BasicResourcePool.java DEBUG acquire test -- pool size: 0; target_pool_size: 10; desired target? 1
2016-12-17 10:29:17 BasicResourcePool.java DEBUG awaitAvailable(): [unknown]
2016-12-17 10:29:17 BasicResourcePool.java DEBUG trace com.mchange.v2.resourcepool.BasicResourcePool@74bada02 [managed: 0, unused: 0, excluded: 0]
2016-12-17 10:29:18 C3P0PooledConnectionPool.java DEBUG com.mchange.v2.c3p0.impl.C3P0PooledConnectionPool$1PooledConnectionResourcePoolManager@789d6885.acquireResource() returning. 
2016-12-17 10:29:18 C3P0PooledConnectionPool.java DEBUG com.mchange.v2.c3p0.impl.C3P0PooledConnectionPool$1PooledConnectionResourcePoolManager@789d6885.acquireResource() returning. 
2016-12-17 10:29:18 C3P0PooledConnectionPool.java DEBUG com.mchange.v2.c3p0.impl.C3P0PooledConnectionPool$1PooledConnectionResourcePoolManager@789d6885.acquireResource() returning. 
2016-12-17 10:29:18 BasicResourcePool.java DEBUG trace com.mchange.v2.resourcepool.BasicResourcePool@74bada02 [managed: 1, unused: 1, excluded: 0]
2016-12-17 10:29:18 BasicResourcePool.java DEBUG decremented pending_acquires: 9
2016-12-17 10:29:18 BasicResourcePool.java DEBUG Acquisition series terminated successfully. Decremented pending_acquires [9],  attempts_remaining: 30
2016-12-17 10:29:18 BasicResourcePool.java DEBUG trace com.mchange.v2.resourcepool.BasicResourcePool@74bada02 [managed: 1, unused: 0, excluded: 0] (e.g. com.mchange.v2.c3p0.impl.NewPooledConnection@2c603878)
2016-12-17 10:29:18 BasicResourcePool.java DEBUG trace com.mchange.v2.resourcepool.BasicResourcePool@74bada02 [managed: 2, unused: 1, excluded: 0] (e.g. com.mchange.v2.c3p0.impl.NewPooledConnection@2c603878)
2016-12-17 10:29:18 BasicResourcePool.java DEBUG decremented pending_acquires: 8
2016-12-17 10:29:18 BasicResourcePool.java DEBUG Acquisition series terminated successfully. Decremented pending_acquires [8],  attempts_remaining: 30
2016-12-17 10:29:18 DataSourceUtils.java DEBUG Registering transaction synchronization for JDBC Connection
2016-12-17 10:29:18 BasicResourcePool.java DEBUG trace com.mchange.v2.resourcepool.BasicResourcePool@74bada02 [managed: 3, unused: 2, excluded: 0] (e.g. com.mchange.v2.c3p0.impl.NewPooledConnection@2c603878)
2016-12-17 10:29:18 BasicResourcePool.java DEBUG decremented pending_acquires: 7
2016-12-17 10:29:18 BasicResourcePool.java DEBUG Acquisition series terminated successfully. Decremented pending_acquires [7],  attempts_remaining: 30
2016-12-17 10:29:18 JakartaCommonsLoggingImpl.java DEBUG JDBC Connection [com.mchange.v2.c3p0.impl.NewProxyConnection@18a136ac] will be managed by Spring
2016-12-17 10:29:18 JakartaCommonsLoggingImpl.java DEBUG ==>  Preparing: select ename,job,dname,loc,sal from ( select row_number() over ( order by sal ) rn,e.*,d.* from emp e,dept d WHERE 1=1 and e.deptno = d.deptno ) where rn > ? and rn <= ? 
2016-12-17 10:29:18 C3P0PooledConnectionPool.java DEBUG com.mchange.v2.c3p0.impl.C3P0PooledConnectionPool$1PooledConnectionResourcePoolManager@789d6885.acquireResource() returning. 
2016-12-17 10:29:18 BasicResourcePool.java DEBUG trace com.mchange.v2.resourcepool.BasicResourcePool@74bada02 [managed: 4, unused: 3, excluded: 0] (e.g. com.mchange.v2.c3p0.impl.NewPooledConnection@2c603878)
2016-12-17 10:29:18 BasicResourcePool.java DEBUG decremented pending_acquires: 6
2016-12-17 10:29:18 BasicResourcePool.java DEBUG Acquisition series terminated successfully. Decremented pending_acquires [6],  attempts_remaining: 30
2016-12-17 10:29:18 C3P0PooledConnectionPool.java DEBUG com.mchange.v2.c3p0.impl.C3P0PooledConnectionPool$1PooledConnectionResourcePoolManager@789d6885.acquireResource() returning. 
2016-12-17 10:29:18 BasicResourcePool.java DEBUG trace com.mchange.v2.resourcepool.BasicResourcePool@74bada02 [managed: 5, unused: 4, excluded: 0] (e.g. com.mchange.v2.c3p0.impl.NewPooledConnection@2c603878)
2016-12-17 10:29:18 BasicResourcePool.java DEBUG decremented pending_acquires: 5
2016-12-17 10:29:18 BasicResourcePool.java DEBUG Acquisition series terminated successfully. Decremented pending_acquires [5],  attempts_remaining: 30
2016-12-17 10:29:18 C3P0PooledConnectionPool.java DEBUG com.mchange.v2.c3p0.impl.C3P0PooledConnectionPool$1PooledConnectionResourcePoolManager@789d6885.acquireResource() returning. 
2016-12-17 10:29:18 BasicResourcePool.java DEBUG trace com.mchange.v2.resourcepool.BasicResourcePool@74bada02 [managed: 6, unused: 5, excluded: 0] (e.g. com.mchange.v2.c3p0.impl.NewPooledConnection@2c603878)
2016-12-17 10:29:18 BasicResourcePool.java DEBUG decremented pending_acquires: 4
2016-12-17 10:29:18 BasicResourcePool.java DEBUG Acquisition series terminated successfully. Decremented pending_acquires [4],  attempts_remaining: 30
2016-12-17 10:29:18 C3P0PooledConnectionPool.java DEBUG com.mchange.v2.c3p0.impl.C3P0PooledConnectionPool$1PooledConnectionResourcePoolManager@789d6885.acquireResource() returning. 
2016-12-17 10:29:18 BasicResourcePool.java DEBUG trace com.mchange.v2.resourcepool.BasicResourcePool@74bada02 [managed: 7, unused: 6, excluded: 0] (e.g. com.mchange.v2.c3p0.impl.NewPooledConnection@2c603878)
2016-12-17 10:29:18 BasicResourcePool.java DEBUG decremented pending_acquires: 3
2016-12-17 10:29:18 BasicResourcePool.java DEBUG Acquisition series terminated successfully. Decremented pending_acquires [3],  attempts_remaining: 30
2016-12-17 10:29:18 C3P0PooledConnectionPool.java DEBUG com.mchange.v2.c3p0.impl.C3P0PooledConnectionPool$1PooledConnectionResourcePoolManager@789d6885.acquireResource() returning. 
2016-12-17 10:29:18 BasicResourcePool.java DEBUG trace com.mchange.v2.resourcepool.BasicResourcePool@74bada02 [managed: 8, unused: 7, excluded: 0] (e.g. com.mchange.v2.c3p0.impl.NewPooledConnection@2c603878)
2016-12-17 10:29:18 BasicResourcePool.java DEBUG decremented pending_acquires: 2
2016-12-17 10:29:18 BasicResourcePool.java DEBUG Acquisition series terminated successfully. Decremented pending_acquires [2],  attempts_remaining: 30
2016-12-17 10:29:18 C3P0PooledConnectionPool.java DEBUG com.mchange.v2.c3p0.impl.C3P0PooledConnectionPool$1PooledConnectionResourcePoolManager@789d6885.acquireResource() returning. 
2016-12-17 10:29:18 BasicResourcePool.java DEBUG trace com.mchange.v2.resourcepool.BasicResourcePool@74bada02 [managed: 9, unused: 8, excluded: 0] (e.g. com.mchange.v2.c3p0.impl.NewPooledConnection@2c603878)
2016-12-17 10:29:18 BasicResourcePool.java DEBUG decremented pending_acquires: 1
2016-12-17 10:29:18 BasicResourcePool.java DEBUG Acquisition series terminated successfully. Decremented pending_acquires [1],  attempts_remaining: 30
2016-12-17 10:29:18 JakartaCommonsLoggingImpl.java DEBUG ==> Parameters: 0(Integer), 5(Integer)
2016-12-17 10:29:19 C3P0PooledConnectionPool.java DEBUG com.mchange.v2.c3p0.impl.C3P0PooledConnectionPool$1PooledConnectionResourcePoolManager@789d6885.acquireResource() returning. 
2016-12-17 10:29:19 BasicResourcePool.java DEBUG trace com.mchange.v2.resourcepool.BasicResourcePool@74bada02 [managed: 10, unused: 9, excluded: 0] (e.g. com.mchange.v2.c3p0.impl.NewPooledConnection@2c603878)
2016-12-17 10:29:19 BasicResourcePool.java DEBUG decremented pending_acquires: 0
2016-12-17 10:29:19 BasicResourcePool.java DEBUG Acquisition series terminated successfully. Decremented pending_acquires [0],  attempts_remaining: 30
2016-12-17 10:29:19 JakartaCommonsLoggingImpl.java DEBUG <==      Total: 5
2016-12-17 10:29:19 JakartaCommonsLoggingImpl.java DEBUG Releasing transactional SqlSession [org.apache.ibatis.session.defaults.DefaultSqlSession@58ce9668]
2016-12-17 10:29:19 JakartaCommonsLoggingImpl.java DEBUG Transaction synchronization deregistering SqlSession [org.apache.ibatis.session.defaults.DefaultSqlSession@58ce9668]
2016-12-17 10:29:19 JakartaCommonsLoggingImpl.java DEBUG Transaction synchronization closing SqlSession [org.apache.ibatis.session.defaults.DefaultSqlSession@58ce9668]
2016-12-17 10:29:19 DataSourceUtils.java DEBUG Returning JDBC Connection to DataSource
2016-12-17 10:29:19 ThreadPoolAsynchronousRunner.java DEBUG com.mchange.v2.async.ThreadPoolAsynchronousRunner@71c27ee8: Adding task to queue -- com.mchange.v2.resourcepool.BasicResourcePool$1RefurbishCheckinResourceTask@3b0c9195
2016-12-17 10:29:19 BasicResourcePool.java DEBUG trace com.mchange.v2.resourcepool.BasicResourcePool@74bada02 [managed: 10, unused: 9, excluded: 0] (e.g. com.mchange.v2.c3p0.impl.NewPooledConnection@2c603878)
2016-12-17 10:29:19 NewProxyConnection.java DEBUG com.mchange.v2.c3p0.impl.NewProxyConnection@18a136ac: close() called more than once.
